Arguments: 
  /usr/bin/node /usr/share/yarn/bin/yarn.js link

PATH: 
  /home/linuxbrew/.linuxbrew/bin:/home/linuxbrew/.linuxbrew/sbin:/usr/local/sbin:/usr/local/bin:/usr/sbin:/usr/bin:/sbin:/bin:/usr/games:/usr/local/games:/snap/bin:/usr/lib/jvm/java-8-oracle/bin:/usr/lib/jvm/java-8-oracle/db/bin:/usr/lib/jvm/java-8-oracle/jre/bin

Yarn version: 
  1.7.0

Node version: 
  8.11.1

Platform: 
  linux x64

Trace: 
  SyntaxError: /home/amadou/PROJETS/Reatjs/guinea-subdivision/package.json: Unexpected token } in JSON at position 623
      at JSON.parse (<anonymous>)
      at /usr/share/yarn/lib/cli.js:1130:59
      at Generator.next (<anonymous>)
      at step (/usr/share/yarn/lib/cli.js:98:30)
      at /usr/share/yarn/lib/cli.js:109:13
      at <anonymous>

npm manifest: 
  {
    "name": "guinea-subdivision",
    "version": "1.0.0",
    "description": "Des subdivision fiables pour la prise de décisions de la Guinée",
    "main": "index.js",
    "scripts": {
      "test": "echo \"Error: no test specified\" && exit 1"
    },
    "repository": {
      "type": "git",
      "url": "git+https://github.com/Malal91/guinea-subdivision.git"
    },
    "author": "Amadou Malal Diallo",
    "license": "ISC",
    "bugs": {
      "url": "https://github.com/Malal91/guinea-subdivision.git/issues"
    },
    "homepage": "https://github.com/Malal91/guinea-subdivision.git#readme",
    "dependencies": {
      "guinea-subdivision": "^1.0.0",
    }
  }

yarn manifest: 
  No manifest

Lockfile: 
  # THIS IS AN AUTOGENERATED FILE. DO NOT EDIT THIS FILE DIRECTLY.
  # yarn lockfile v1
  
  
  fs@^0.0.1-security:
    version "0.0.1-security"
    resolved "https://registry.yarnpkg.com/fs/-/fs-0.0.1-security.tgz#8a7bd37186b6dddf3813f23858b57ecaaf5e41d4"
  
  guinea-subdivision@^1.0.0:
    version "1.0.0"
    resolved "https://registry.yarnpkg.com/guinea-subdivision/-/guinea-subdivision-1.0.0.tgz#8c70baab4b33e8389767a7049e81e4cf76863930"
    dependencies:
      guinea-subdivision "^1.0.0"
  
  inherits@2.0.3:
    version "2.0.3"
    resolved "https://registry.yarnpkg.com/inherits/-/inherits-2.0.3.tgz#633c2c83e3da42a502f52466022480f4208261de"
  
  lodash@^4.17.10:
    version "4.17.10"
    resolved "https://registry.yarnpkg.com/lodash/-/lodash-4.17.10.tgz#1b7793cf7259ea38fb3661d4d38b3260af8ae4e7"
  
  path@^0.12.7:
    version "0.12.7"
    resolved "https://registry.yarnpkg.com/path/-/path-0.12.7.tgz#d4dc2a506c4ce2197eb481ebfcd5b36c0140b10f"
    dependencies:
      process "^0.11.1"
      util "^0.10.3"
  
  process@^0.11.1:
    version "0.11.10"
    resolved "https://registry.yarnpkg.com/process/-/process-0.11.10.tgz#7332300e840161bda3e69a1d1d91a7d4bc16f182"
  
  util@^0.10.3:
    version "0.10.4"
    resolved "https://registry.yarnpkg.com/util/-/util-0.10.4.tgz#3aa0125bfe668a4672de58857d3ace27ecb76901"
    dependencies:
      inherits "2.0.3"
